[debug] [2021-03-03T09:19:40.055Z] ----------------------------------------------------------------------
[debug] [2021-03-03T09:19:40.057Z] Command:       D:\Project\node.exe C:\Users\morty\AppData\Roaming\npm\node_modules\firebase-tools\lib\bin\firebase.js emulators:start
[debug] [2021-03-03T09:19:40.057Z] CLI Version:   8.19.0
[debug] [2021-03-03T09:19:40.057Z] Platform:      win32
[debug] [2021-03-03T09:19:40.057Z] Node Version:  v12.16.3
[debug] [2021-03-03T09:19:40.058Z] Time:          Wed Mar 03 2021 03:19:40 GMT-0600 (Central Standard Time)
[debug] [2021-03-03T09:19:40.058Z] ----------------------------------------------------------------------
[debug] [2021-03-03T09:19:40.058Z] 
[debug] [2021-03-03T09:19:40.064Z] > command requires scopes: ["email","openid","https://www.googleapis.com/auth/cloudplatformprojects.readonly","https://www.googleapis.com/auth/firebase","https://www.googleapis.com/auth/cloud-platform"]
[debug] [2021-03-03T09:19:40.064Z] > authorizing via signed-in user
[info] i  emulators: Starting emulators: functions {"metadata":{"emulator":{"name":"hub"},"message":"Starting emulators: functions"}}
[debug] [2021-03-03T09:19:42.085Z] [hub] writing locator at C:\Users\morty\AppData\Local\Temp\hub-clone-eebc3.json
[warn] !  functions: The following emulators are not running, calls to these services from the Functions emulator will affect production: auth, firestore, database, hosting, pubsub {"metadata":{"emulator":{"name":"functions"},"message":"The following emulators are not running, calls to these services from the Functions emulator will affect production: \u001b[1mauth, firestore, database, hosting, pubsub\u001b[22m"}}
[info] +  functions: Using node@12 from host. {"metadata":{"emulator":{"name":"functions"},"message":"Using node@12 from host."}}
[debug] [2021-03-03T09:19:44.109Z] defaultcredentials: writing to file C:\Users\morty\AppData\Roaming\firebase\littlefly14_gmail_com_application_default_credentials.json
[debug] [2021-03-03T09:19:44.111Z] Setting GAC to C:\Users\morty\AppData\Roaming\firebase\littlefly14_gmail_com_application_default_credentials.json {"metadata":{"emulator":{"name":"functions"},"message":"Setting GAC to C:\\Users\\morty\\AppData\\Roaming\\firebase\\littlefly14_gmail_com_application_default_credentials.json"}}
[debug] [2021-03-03T09:19:48.127Z] Ignoring unsupported arg: auto_download {"metadata":{"emulator":{"name":"ui"},"message":"Ignoring unsupported arg: auto_download"}}
[debug] [2021-03-03T09:19:48.127Z] Ignoring unsupported arg: port {"metadata":{"emulator":{"name":"ui"},"message":"Ignoring unsupported arg: port"}}
[debug] [2021-03-03T09:19:48.128Z] Starting Emulator UI with command {"binary":"node","args":["C:\\Users\\morty\\.cache\\firebase\\emulators\\ui-v1.3.0\\server.bundle.js"],"optionalArgs":[],"joinArgs":false} {"metadata":{"emulator":{"name":"ui"},"message":"Starting Emulator UI with command {\"binary\":\"node\",\"args\":[\"C:\\\\Users\\\\morty\\\\.cache\\\\firebase\\\\emulators\\\\ui-v1.3.0\\\\server.bundle.js\"],\"optionalArgs\":[],\"joinArgs\":false}"}}
[info] i  ui: Emulator UI logging to ui-debug.log {"metadata":{"emulator":{"name":"ui"},"message":"Emulator UI logging to \u001b[1mui-debug.log\u001b[22m"}}
[debug] [2021-03-03T09:19:48.213Z] Web / API server started at http://localhost:4000
 {"metadata":{"emulator":{"name":"ui"},"message":"Web / API server started at http://localhost:4000\n"}}
[info] i  functions: Watching "D:\Projects\JS\amazon-clone\functions" for Cloud Functions... {"metadata":{"emulator":{"name":"functions"},"message":"Watching \"D:\\Projects\\JS\\amazon-clone\\functions\" for Cloud Functions..."}}
[debug] [2021-03-03T09:19:48.642Z] [worker-pool] addWorker(~diagnostic~) {"metadata":{"emulator":{"name":"functions"},"message":"[worker-pool] addWorker(~diagnostic~)"}}
[debug] [2021-03-03T09:19:48.642Z] [worker-pool] Adding worker with key ~diagnostic~, total=1 {"metadata":{"emulator":{"name":"functions"},"message":"[worker-pool] Adding worker with key ~diagnostic~, total=1"}}
[debug] [2021-03-03T09:19:48.642Z] [worker-pool] submitWork(triggerId=) {"metadata":{"emulator":{"name":"functions"},"message":"[worker-pool] submitWork(triggerId=)"}}
[debug] [2021-03-03T09:19:48.642Z] [worker-~diagnostic~-52ecd4e8-2bda-445e-a9ff-0391d7e3ce70]: Assigning socketPath: \\?\pipe\D:\Projects\JS\amazon-clone\functions\12632 {"metadata":{"emulator":{"name":"functions"},"message":"[worker-~diagnostic~-52ecd4e8-2bda-445e-a9ff-0391d7e3ce70]: Assigning socketPath: \\\\?\\pipe\\D:\\Projects\\JS\\amazon-clone\\functions\\12632"}}
[debug] [2021-03-03T09:19:48.643Z] [worker-~diagnostic~-52ecd4e8-2bda-445e-a9ff-0391d7e3ce70]: BUSY {"metadata":{"emulator":{"name":"functions"},"message":"[worker-~diagnostic~-52ecd4e8-2bda-445e-a9ff-0391d7e3ce70]: BUSY"}}
[debug] [2021-03-03T09:19:48.781Z] [runtime-status] [12632] Functions runtime initialized. {"cwd":"D:\\Projects\\JS\\amazon-clone\\functions","node_version":"12.16.3"} {"metadata":{"emulator":{"name":"functions"},"message":"[runtime-status] [12632] Functions runtime initialized. {\"cwd\":\"D:\\\\Projects\\\\JS\\\\amazon-clone\\\\functions\",\"node_version\":\"12.16.3\"}"}}
[debug] [2021-03-03T09:19:48.781Z] [runtime-status] [12632] Disabled runtime features: undefined {"metadata":{"emulator":{"name":"functions"},"message":"[runtime-status] [12632] Disabled runtime features: undefined"}}
[debug] [2021-03-03T09:19:48.783Z] [runtime-status] [12632] Resolved module firebase-admin {"declared":true,"installed":true,"version":"9.5.0","resolution":"D:\\Projects\\JS\\amazon-clone\\functions\\node_modules\\firebase-admin\\lib\\index.js"} {"metadata":{"emulator":{"name":"functions"},"message":"[runtime-status] [12632] Resolved module firebase-admin {\"declared\":true,\"installed\":true,\"version\":\"9.5.0\",\"resolution\":\"D:\\\\Projects\\\\JS\\\\amazon-clone\\\\functions\\\\node_modules\\\\firebase-admin\\\\lib\\\\index.js\"}"}}
[debug] [2021-03-03T09:19:48.784Z] [runtime-status] [12632] Resolved module firebase-functions {"declared":true,"installed":true,"version":"3.13.2","resolution":"D:\\Projects\\JS\\amazon-clone\\functions\\node_modules\\firebase-functions\\lib\\index.js"} {"metadata":{"emulator":{"name":"functions"},"message":"[runtime-status] [12632] Resolved module firebase-functions {\"declared\":true,\"installed\":true,\"version\":\"3.13.2\",\"resolution\":\"D:\\\\Projects\\\\JS\\\\amazon-clone\\\\functions\\\\node_modules\\\\firebase-functions\\\\lib\\\\index.js\"}"}}
[debug] [2021-03-03T09:19:48.784Z] [runtime-status] [12632] Resolved module firebase-functions {"declared":true,"installed":true,"version":"3.13.2","resolution":"D:\\Projects\\JS\\amazon-clone\\functions\\node_modules\\firebase-functions\\lib\\index.js"} {"metadata":{"emulator":{"name":"functions"},"message":"[runtime-status] [12632] Resolved module firebase-functions {\"declared\":true,\"installed\":true,\"version\":\"3.13.2\",\"resolution\":\"D:\\\\Projects\\\\JS\\\\amazon-clone\\\\functions\\\\node_modules\\\\firebase-functions\\\\lib\\\\index.js\"}"}}
[debug] [2021-03-03T09:19:48.785Z] [runtime-status] [12632] Outgoing network have been stubbed. [{"name":"http","status":"mocked"},{"name":"http","status":"mocked"},{"name":"https","status":"mocked"},{"name":"https","status":"mocked"},{"name":"net","status":"mocked"}] {"metadata":{"emulator":{"name":"functions"},"message":"[runtime-status] [12632] Outgoing network have been stubbed. [{\"name\":\"http\",\"status\":\"mocked\"},{\"name\":\"http\",\"status\":\"mocked\"},{\"name\":\"https\",\"status\":\"mocked\"},{\"name\":\"https\",\"status\":\"mocked\"},{\"name\":\"net\",\"status\":\"mocked\"}]"}}
[debug] [2021-03-03T09:19:48.786Z] [runtime-status] [12632] Resolved module firebase-functions {"declared":true,"installed":true,"version":"3.13.2","resolution":"D:\\Projects\\JS\\amazon-clone\\functions\\node_modules\\firebase-functions\\lib\\index.js"} {"metadata":{"emulator":{"name":"functions"},"message":"[runtime-status] [12632] Resolved module firebase-functions {\"declared\":true,\"installed\":true,\"version\":\"3.13.2\",\"resolution\":\"D:\\\\Projects\\\\JS\\\\amazon-clone\\\\functions\\\\node_modules\\\\firebase-functions\\\\lib\\\\index.js\"}"}}
[debug] [2021-03-03T09:19:48.817Z] [runtime-status] [12632] Checked functions.config() {"config":{}} {"metadata":{"emulator":{"name":"functions"},"message":"[runtime-status] [12632] Checked functions.config() {\"config\":{}}"}}
[debug] [2021-03-03T09:19:48.817Z] [runtime-status] [12632] firebase-functions has been stubbed. {"functionsResolution":{"declared":true,"installed":true,"version":"3.13.2","resolution":"D:\\Projects\\JS\\amazon-clone\\functions\\node_modules\\firebase-functions\\lib\\index.js"}} {"metadata":{"emulator":{"name":"functions"},"message":"[runtime-status] [12632] firebase-functions has been stubbed. {\"functionsResolution\":{\"declared\":true,\"installed\":true,\"version\":\"3.13.2\",\"resolution\":\"D:\\\\Projects\\\\JS\\\\amazon-clone\\\\functions\\\\node_modules\\\\firebase-functions\\\\lib\\\\index.js\"}}"}}
[debug] [2021-03-03T09:19:48.818Z] [runtime-status] [12632] Resolved module firebase-functions {"declared":true,"installed":true,"version":"3.13.2","resolution":"D:\\Projects\\JS\\amazon-clone\\functions\\node_modules\\firebase-functions\\lib\\index.js"} {"metadata":{"emulator":{"name":"functions"},"message":"[runtime-status] [12632] Resolved module firebase-functions {\"declared\":true,\"installed\":true,\"version\":\"3.13.2\",\"resolution\":\"D:\\\\Projects\\\\JS\\\\amazon-clone\\\\functions\\\\node_modules\\\\firebase-functions\\\\lib\\\\index.js\"}"}}
[debug] [2021-03-03T09:19:48.818Z] [runtime-status] [12632] Resolved module firebase-admin {"declared":true,"installed":true,"version":"9.5.0","resolution":"D:\\Projects\\JS\\amazon-clone\\functions\\node_modules\\firebase-admin\\lib\\index.js"} {"metadata":{"emulator":{"name":"functions"},"message":"[runtime-status] [12632] Resolved module firebase-admin {\"declared\":true,\"installed\":true,\"version\":\"9.5.0\",\"resolution\":\"D:\\\\Projects\\\\JS\\\\amazon-clone\\\\functions\\\\node_modules\\\\firebase-admin\\\\lib\\\\index.js\"}"}}
[debug] [2021-03-03T09:19:48.819Z] [runtime-status] [12632] Resolved module firebase-functions {"declared":true,"installed":true,"version":"3.13.2","resolution":"D:\\Projects\\JS\\amazon-clone\\functions\\node_modules\\firebase-functions\\lib\\index.js"} {"metadata":{"emulator":{"name":"functions"},"message":"[runtime-status] [12632] Resolved module firebase-functions {\"declared\":true,\"installed\":true,\"version\":\"3.13.2\",\"resolution\":\"D:\\\\Projects\\\\JS\\\\amazon-clone\\\\functions\\\\node_modules\\\\firebase-functions\\\\lib\\\\index.js\"}"}}
[debug] [2021-03-03T09:19:48.819Z] [runtime-status] [12632] firebase-admin has been stubbed. {"adminResolution":{"declared":true,"installed":true,"version":"9.5.0","resolution":"D:\\Projects\\JS\\amazon-clone\\functions\\node_modules\\firebase-admin\\lib\\index.js"}} {"metadata":{"emulator":{"name":"functions"},"message":"[runtime-status] [12632] firebase-admin has been stubbed. {\"adminResolution\":{\"declared\":true,\"installed\":true,\"version\":\"9.5.0\",\"resolution\":\"D:\\\\Projects\\\\JS\\\\amazon-clone\\\\functions\\\\node_modules\\\\firebase-admin\\\\lib\\\\index.js\"}}"}}
[info] +  functions[api]: http function initialized (http://localhost:5001/clone-eebc3/us-central1/api). {"metadata":{"emulator":{"name":"functions"},"message":"\u001b[1mhttp\u001b[22m function initialized (http://localhost:5001/clone-eebc3/us-central1/api)."}}
[info] 
┌────────────────────────────────────────────────────────────────┐
│ ✔  All emulators ready! View status and logs at localhost:4000 │
└────────────────────────────────────────────────────────────────┘

┌───────────┬────────────────┬──────────────────────────┐
│ Emulator  │ Host:Port      │ View in Emulator UI      │
├───────────┼────────────────┼──────────────────────────┤
│ Functions │ localhost:5001 │ localhost:4000/functions │
└───────────┴────────────────┴──────────────────────────┘
  Other reserved ports: 4400, 4500

Issues? Report them at https://github.com/firebase/firebase-tools/issues and attach the *-debug.log files.
 
[debug] [2021-03-03T09:19:48.920Z] [worker-~diagnostic~-52ecd4e8-2bda-445e-a9ff-0391d7e3ce70]: IDLE {"metadata":{"emulator":{"name":"functions"},"message":"[worker-~diagnostic~-52ecd4e8-2bda-445e-a9ff-0391d7e3ce70]: IDLE"}}
[debug] [2021-03-03T09:20:11.337Z] [work-queue] {"queueLength":1,"workRunningCount":0}
[debug] [2021-03-03T09:20:11.338Z] [work-queue] {"queueLength":0,"workRunningCount":1}
[debug] [2021-03-03T09:20:11.338Z] Accepted request GET /clone-eebc3/us-central1/api --> api
[debug] [2021-03-03T09:20:11.341Z] [worker-pool] addWorker(api) {"metadata":{"emulator":{"name":"functions"},"message":"[worker-pool] addWorker(api)"}}
[debug] [2021-03-03T09:20:11.341Z] [worker-pool] Adding worker with key api, total=1 {"metadata":{"emulator":{"name":"functions"},"message":"[worker-pool] Adding worker with key api, total=1"}}
[debug] [2021-03-03T09:20:11.341Z] [worker-pool] submitWork(triggerId=api) {"metadata":{"emulator":{"name":"functions"},"message":"[worker-pool] submitWork(triggerId=api)"}}
[debug] [2021-03-03T09:20:11.342Z] [worker-api-ad85b9ca-8244-43f1-86a9-d561e4e693b0]: Assigning socketPath: \\?\pipe\D:\Projects\JS\amazon-clone\functions\13688 {"metadata":{"emulator":{"name":"functions"},"message":"[worker-api-ad85b9ca-8244-43f1-86a9-d561e4e693b0]: Assigning socketPath: \\\\?\\pipe\\D:\\Projects\\JS\\amazon-clone\\functions\\13688"}}
[debug] [2021-03-03T09:20:11.342Z] [worker-api-ad85b9ca-8244-43f1-86a9-d561e4e693b0]: BUSY {"metadata":{"emulator":{"name":"functions"},"message":"[worker-api-ad85b9ca-8244-43f1-86a9-d561e4e693b0]: BUSY"}}
[debug] [2021-03-03T09:20:11.483Z] [runtime-status] [13688] Functions runtime initialized. {"cwd":"D:\\Projects\\JS\\amazon-clone\\functions","node_version":"12.16.3"} {"metadata":{"emulator":{"name":"functions"},"function":{"name":"api"},"message":"[runtime-status] [13688] Functions runtime initialized. {\"cwd\":\"D:\\\\Projects\\\\JS\\\\amazon-clone\\\\functions\",\"node_version\":\"12.16.3\"}"}}
[debug] [2021-03-03T09:20:11.484Z] [runtime-status] [13688] Disabled runtime features: undefined {"metadata":{"emulator":{"name":"functions"},"function":{"name":"api"},"message":"[runtime-status] [13688] Disabled runtime features: undefined"}}
[debug] [2021-03-03T09:20:11.486Z] [runtime-status] [13688] Resolved module firebase-admin {"declared":true,"installed":true,"version":"9.5.0","resolution":"D:\\Projects\\JS\\amazon-clone\\functions\\node_modules\\firebase-admin\\lib\\index.js"} {"metadata":{"emulator":{"name":"functions"},"function":{"name":"api"},"message":"[runtime-status] [13688] Resolved module firebase-admin {\"declared\":true,\"installed\":true,\"version\":\"9.5.0\",\"resolution\":\"D:\\\\Projects\\\\JS\\\\amazon-clone\\\\functions\\\\node_modules\\\\firebase-admin\\\\lib\\\\index.js\"}"}}
[debug] [2021-03-03T09:20:11.487Z] [runtime-status] [13688] Resolved module firebase-functions {"declared":true,"installed":true,"version":"3.13.2","resolution":"D:\\Projects\\JS\\amazon-clone\\functions\\node_modules\\firebase-functions\\lib\\index.js"} {"metadata":{"emulator":{"name":"functions"},"function":{"name":"api"},"message":"[runtime-status] [13688] Resolved module firebase-functions {\"declared\":true,\"installed\":true,\"version\":\"3.13.2\",\"resolution\":\"D:\\\\Projects\\\\JS\\\\amazon-clone\\\\functions\\\\node_modules\\\\firebase-functions\\\\lib\\\\index.js\"}"}}
[debug] [2021-03-03T09:20:11.488Z] [runtime-status] [13688] Resolved module firebase-functions {"declared":true,"installed":true,"version":"3.13.2","resolution":"D:\\Projects\\JS\\amazon-clone\\functions\\node_modules\\firebase-functions\\lib\\index.js"} {"metadata":{"emulator":{"name":"functions"},"function":{"name":"api"},"message":"[runtime-status] [13688] Resolved module firebase-functions {\"declared\":true,\"installed\":true,\"version\":\"3.13.2\",\"resolution\":\"D:\\\\Projects\\\\JS\\\\amazon-clone\\\\functions\\\\node_modules\\\\firebase-functions\\\\lib\\\\index.js\"}"}}
[debug] [2021-03-03T09:20:11.489Z] [runtime-status] [13688] Outgoing network have been stubbed. [{"name":"http","status":"mocked"},{"name":"http","status":"mocked"},{"name":"https","status":"mocked"},{"name":"https","status":"mocked"},{"name":"net","status":"mocked"}] {"metadata":{"emulator":{"name":"functions"},"function":{"name":"api"},"message":"[runtime-status] [13688] Outgoing network have been stubbed. [{\"name\":\"http\",\"status\":\"mocked\"},{\"name\":\"http\",\"status\":\"mocked\"},{\"name\":\"https\",\"status\":\"mocked\"},{\"name\":\"https\",\"status\":\"mocked\"},{\"name\":\"net\",\"status\":\"mocked\"}]"}}
[debug] [2021-03-03T09:20:11.489Z] [runtime-status] [13688] Resolved module firebase-functions {"declared":true,"installed":true,"version":"3.13.2","resolution":"D:\\Projects\\JS\\amazon-clone\\functions\\node_modules\\firebase-functions\\lib\\index.js"} {"metadata":{"emulator":{"name":"functions"},"function":{"name":"api"},"message":"[runtime-status] [13688] Resolved module firebase-functions {\"declared\":true,\"installed\":true,\"version\":\"3.13.2\",\"resolution\":\"D:\\\\Projects\\\\JS\\\\amazon-clone\\\\functions\\\\node_modules\\\\firebase-functions\\\\lib\\\\index.js\"}"}}
[debug] [2021-03-03T09:20:11.519Z] [runtime-status] [13688] Checked functions.config() {"config":{}} {"metadata":{"emulator":{"name":"functions"},"function":{"name":"api"},"message":"[runtime-status] [13688] Checked functions.config() {\"config\":{}}"}}
[debug] [2021-03-03T09:20:11.520Z] [runtime-status] [13688] firebase-functions has been stubbed. {"functionsResolution":{"declared":true,"installed":true,"version":"3.13.2","resolution":"D:\\Projects\\JS\\amazon-clone\\functions\\node_modules\\firebase-functions\\lib\\index.js"}} {"metadata":{"emulator":{"name":"functions"},"function":{"name":"api"},"message":"[runtime-status] [13688] firebase-functions has been stubbed. {\"functionsResolution\":{\"declared\":true,\"installed\":true,\"version\":\"3.13.2\",\"resolution\":\"D:\\\\Projects\\\\JS\\\\amazon-clone\\\\functions\\\\node_modules\\\\firebase-functions\\\\lib\\\\index.js\"}}"}}
[debug] [2021-03-03T09:20:11.520Z] [runtime-status] [13688] Resolved module firebase-functions {"declared":true,"installed":true,"version":"3.13.2","resolution":"D:\\Projects\\JS\\amazon-clone\\functions\\node_modules\\firebase-functions\\lib\\index.js"} {"metadata":{"emulator":{"name":"functions"},"function":{"name":"api"},"message":"[runtime-status] [13688] Resolved module firebase-functions {\"declared\":true,\"installed\":true,\"version\":\"3.13.2\",\"resolution\":\"D:\\\\Projects\\\\JS\\\\amazon-clone\\\\functions\\\\node_modules\\\\firebase-functions\\\\lib\\\\index.js\"}"}}
[debug] [2021-03-03T09:20:11.521Z] [runtime-status] [13688] Resolved module firebase-admin {"declared":true,"installed":true,"version":"9.5.0","resolution":"D:\\Projects\\JS\\amazon-clone\\functions\\node_modules\\firebase-admin\\lib\\index.js"} {"metadata":{"emulator":{"name":"functions"},"function":{"name":"api"},"message":"[runtime-status] [13688] Resolved module firebase-admin {\"declared\":true,\"installed\":true,\"version\":\"9.5.0\",\"resolution\":\"D:\\\\Projects\\\\JS\\\\amazon-clone\\\\functions\\\\node_modules\\\\firebase-admin\\\\lib\\\\index.js\"}"}}
[debug] [2021-03-03T09:20:11.521Z] [runtime-status] [13688] Resolved module firebase-functions {"declared":true,"installed":true,"version":"3.13.2","resolution":"D:\\Projects\\JS\\amazon-clone\\functions\\node_modules\\firebase-functions\\lib\\index.js"} {"metadata":{"emulator":{"name":"functions"},"function":{"name":"api"},"message":"[runtime-status] [13688] Resolved module firebase-functions {\"declared\":true,\"installed\":true,\"version\":\"3.13.2\",\"resolution\":\"D:\\\\Projects\\\\JS\\\\amazon-clone\\\\functions\\\\node_modules\\\\firebase-functions\\\\lib\\\\index.js\"}"}}
[debug] [2021-03-03T09:20:11.521Z] [runtime-status] [13688] firebase-admin has been stubbed. {"adminResolution":{"declared":true,"installed":true,"version":"9.5.0","resolution":"D:\\Projects\\JS\\amazon-clone\\functions\\node_modules\\firebase-admin\\lib\\index.js"}} {"metadata":{"emulator":{"name":"functions"},"function":{"name":"api"},"message":"[runtime-status] [13688] firebase-admin has been stubbed. {\"adminResolution\":{\"declared\":true,\"installed\":true,\"version\":\"9.5.0\",\"resolution\":\"D:\\\\Projects\\\\JS\\\\amazon-clone\\\\functions\\\\node_modules\\\\firebase-admin\\\\lib\\\\index.js\"}}"}}
[debug] [2021-03-03T09:20:11.612Z] [runtime-status] [13688] Trigger "api" has been found, beginning invocation! {"metadata":{"emulator":{"name":"functions"},"function":{"name":"api"},"message":"[runtime-status] [13688] Trigger \"api\" has been found, beginning invocation!"}}
[info] i  functions: Beginning execution of "api" {"metadata":{"emulator":{"name":"functions"},"function":{"name":"api"},"message":"Beginning execution of \"api\""}}
[debug] [2021-03-03T09:20:11.613Z] [runtime-status] [13688] triggerDefinition {"httpsTrigger":{},"name":"api","entryPoint":"api"} {"metadata":{"emulator":{"name":"functions"},"function":{"name":"api"},"message":"[runtime-status] [13688] triggerDefinition {\"httpsTrigger\":{},\"name\":\"api\",\"entryPoint\":\"api\"}"}}
[debug] [2021-03-03T09:20:11.613Z] [runtime-status] [13688] Running api in mode HTTPS {"metadata":{"emulator":{"name":"functions"},"function":{"name":"api"},"message":"[runtime-status] [13688] Running api in mode HTTPS"}}
[debug] [2021-03-03T09:20:11.615Z] [runtime-status] [13688] Attempting to listen to socketPath: \\?\pipe\D:\Projects\JS\amazon-clone\functions\13688 {"metadata":{"emulator":{"name":"functions"},"function":{"name":"api"},"message":"[runtime-status] [13688] Attempting to listen to socketPath: \\\\?\\pipe\\D:\\Projects\\JS\\amazon-clone\\functions\\13688"}}
[debug] [2021-03-03T09:20:11.618Z] [functions] Runtime ready! Sending request! {"metadata":{"emulator":{"name":"functions"},"message":"[functions] Runtime ready! Sending request!"}}
[debug] [2021-03-03T09:20:11.623Z] [runtime-status] [13688] Ephemeral server handling GET request {"metadata":{"emulator":{"name":"functions"},"function":{"name":"api"},"message":"[runtime-status] [13688] Ephemeral server handling GET request"}}
[debug] [2021-03-03T09:20:11.629Z] [runtime-status] [13688] Ephemeral server survived. {"metadata":{"emulator":{"name":"functions"},"function":{"name":"api"},"message":"[runtime-status] [13688] Ephemeral server survived."}}
[info] i  functions: Finished "api" in ~1s {"metadata":{"emulator":{"name":"functions"},"function":{"name":"api"},"message":"Finished \"api\" in ~1s"}}
[debug] [2021-03-03T09:20:11.634Z] [worker-api-ad85b9ca-8244-43f1-86a9-d561e4e693b0]: IDLE {"metadata":{"emulator":{"name":"functions"},"message":"[worker-api-ad85b9ca-8244-43f1-86a9-d561e4e693b0]: IDLE"}}
[debug] [2021-03-03T09:20:11.635Z] [work-queue] {"queueLength":0,"workRunningCount":0}
[debug] [2021-03-03T09:20:17.093Z] [work-queue] {"queueLength":1,"workRunningCount":0}
[debug] [2021-03-03T09:20:17.093Z] [work-queue] {"queueLength":0,"workRunningCount":1}
[debug] [2021-03-03T09:20:17.093Z] Accepted request GET /clone-eebc3/us-central1/api --> api
[debug] [2021-03-03T09:20:17.093Z] [worker-pool] submitWork(triggerId=api) {"metadata":{"emulator":{"name":"functions"},"message":"[worker-pool] submitWork(triggerId=api)"}}
[debug] [2021-03-03T09:20:17.093Z] [worker-api-ad85b9ca-8244-43f1-86a9-d561e4e693b0]: Assigning socketPath: \\?\pipe\D:\Projects\JS\amazon-clone\functions\13688 {"metadata":{"emulator":{"name":"functions"},"message":"[worker-api-ad85b9ca-8244-43f1-86a9-d561e4e693b0]: Assigning socketPath: \\\\?\\pipe\\D:\\Projects\\JS\\amazon-clone\\functions\\13688"}}
[debug] [2021-03-03T09:20:17.093Z] [worker-api-ad85b9ca-8244-43f1-86a9-d561e4e693b0]: BUSY {"metadata":{"emulator":{"name":"functions"},"message":"[worker-api-ad85b9ca-8244-43f1-86a9-d561e4e693b0]: BUSY"}}
[debug] [2021-03-03T09:20:17.094Z] [runtime-status] [13688] Trigger "api" has been found, beginning invocation! {"metadata":{"emulator":{"name":"functions"},"function":{"name":"api"},"message":"[runtime-status] [13688] Trigger \"api\" has been found, beginning invocation!"}}
[info] i  functions: Beginning execution of "api" {"metadata":{"emulator":{"name":"functions"},"function":{"name":"api"},"message":"Beginning execution of \"api\""}}
[debug] [2021-03-03T09:20:17.095Z] [runtime-status] [13688] triggerDefinition {"httpsTrigger":{},"name":"api","entryPoint":"api"} {"metadata":{"emulator":{"name":"functions"},"function":{"name":"api"},"message":"[runtime-status] [13688] triggerDefinition {\"httpsTrigger\":{},\"name\":\"api\",\"entryPoint\":\"api\"}"}}
[debug] [2021-03-03T09:20:17.095Z] [runtime-status] [13688] Running api in mode HTTPS {"metadata":{"emulator":{"name":"functions"},"function":{"name":"api"},"message":"[runtime-status] [13688] Running api in mode HTTPS"}}
[debug] [2021-03-03T09:20:17.095Z] [runtime-status] [13688] Attempting to listen to socketPath: \\?\pipe\D:\Projects\JS\amazon-clone\functions\13688 {"metadata":{"emulator":{"name":"functions"},"function":{"name":"api"},"message":"[runtime-status] [13688] Attempting to listen to socketPath: \\\\?\\pipe\\D:\\Projects\\JS\\amazon-clone\\functions\\13688"}}
[debug] [2021-03-03T09:20:17.096Z] [functions] Runtime ready! Sending request! {"metadata":{"emulator":{"name":"functions"},"message":"[functions] Runtime ready! Sending request!"}}
[debug] [2021-03-03T09:20:17.098Z] [runtime-status] [13688] Ephemeral server handling GET request {"metadata":{"emulator":{"name":"functions"},"function":{"name":"api"},"message":"[runtime-status] [13688] Ephemeral server handling GET request"}}
[debug] [2021-03-03T09:20:17.099Z] [runtime-status] [13688] Ephemeral server survived. {"metadata":{"emulator":{"name":"functions"},"function":{"name":"api"},"message":"[runtime-status] [13688] Ephemeral server survived."}}
[info] i  functions: Finished "api" in ~1s {"metadata":{"emulator":{"name":"functions"},"function":{"name":"api"},"message":"Finished \"api\" in ~1s"}}
[debug] [2021-03-03T09:20:17.105Z] [worker-api-ad85b9ca-8244-43f1-86a9-d561e4e693b0]: IDLE {"metadata":{"emulator":{"name":"functions"},"message":"[worker-api-ad85b9ca-8244-43f1-86a9-d561e4e693b0]: IDLE"}}
[debug] [2021-03-03T09:20:17.106Z] [work-queue] {"queueLength":0,"workRunningCount":0}
[debug] [2021-03-03T09:22:02.306Z] [work-queue] {"queueLength":1,"workRunningCount":0}
[debug] [2021-03-03T09:22:02.307Z] [work-queue] {"queueLength":0,"workRunningCount":1}
[debug] [2021-03-03T09:22:02.307Z] Accepted request GET /clone-eebc3/us-central1/api --> api
[debug] [2021-03-03T09:22:02.307Z] [worker-pool] submitWork(triggerId=api) {"metadata":{"emulator":{"name":"functions"},"message":"[worker-pool] submitWork(triggerId=api)"}}
[debug] [2021-03-03T09:22:02.307Z] [worker-api-ad85b9ca-8244-43f1-86a9-d561e4e693b0]: Assigning socketPath: \\?\pipe\D:\Projects\JS\amazon-clone\functions\13688 {"metadata":{"emulator":{"name":"functions"},"message":"[worker-api-ad85b9ca-8244-43f1-86a9-d561e4e693b0]: Assigning socketPath: \\\\?\\pipe\\D:\\Projects\\JS\\amazon-clone\\functions\\13688"}}
[debug] [2021-03-03T09:22:02.307Z] [worker-api-ad85b9ca-8244-43f1-86a9-d561e4e693b0]: BUSY {"metadata":{"emulator":{"name":"functions"},"message":"[worker-api-ad85b9ca-8244-43f1-86a9-d561e4e693b0]: BUSY"}}
[debug] [2021-03-03T09:22:02.308Z] [runtime-status] [13688] Trigger "api" has been found, beginning invocation! {"metadata":{"emulator":{"name":"functions"},"function":{"name":"api"},"message":"[runtime-status] [13688] Trigger \"api\" has been found, beginning invocation!"}}
[info] i  functions: Beginning execution of "api" {"metadata":{"emulator":{"name":"functions"},"function":{"name":"api"},"message":"Beginning execution of \"api\""}}
[debug] [2021-03-03T09:22:02.309Z] [runtime-status] [13688] triggerDefinition {"httpsTrigger":{},"name":"api","entryPoint":"api"} {"metadata":{"emulator":{"name":"functions"},"function":{"name":"api"},"message":"[runtime-status] [13688] triggerDefinition {\"httpsTrigger\":{},\"name\":\"api\",\"entryPoint\":\"api\"}"}}
[debug] [2021-03-03T09:22:02.309Z] [runtime-status] [13688] Running api in mode HTTPS {"metadata":{"emulator":{"name":"functions"},"function":{"name":"api"},"message":"[runtime-status] [13688] Running api in mode HTTPS"}}
[debug] [2021-03-03T09:22:02.309Z] [runtime-status] [13688] Attempting to listen to socketPath: \\?\pipe\D:\Projects\JS\amazon-clone\functions\13688 {"metadata":{"emulator":{"name":"functions"},"function":{"name":"api"},"message":"[runtime-status] [13688] Attempting to listen to socketPath: \\\\?\\pipe\\D:\\Projects\\JS\\amazon-clone\\functions\\13688"}}
[debug] [2021-03-03T09:22:02.309Z] [functions] Runtime ready! Sending request! {"metadata":{"emulator":{"name":"functions"},"message":"[functions] Runtime ready! Sending request!"}}
[debug] [2021-03-03T09:22:02.311Z] [runtime-status] [13688] Ephemeral server handling GET request {"metadata":{"emulator":{"name":"functions"},"function":{"name":"api"},"message":"[runtime-status] [13688] Ephemeral server handling GET request"}}
[debug] [2021-03-03T09:22:02.312Z] [runtime-status] [13688] Ephemeral server survived. {"metadata":{"emulator":{"name":"functions"},"function":{"name":"api"},"message":"[runtime-status] [13688] Ephemeral server survived."}}
[info] i  functions: Finished "api" in ~1s {"metadata":{"emulator":{"name":"functions"},"function":{"name":"api"},"message":"Finished \"api\" in ~1s"}}
[debug] [2021-03-03T09:22:02.320Z] [worker-api-ad85b9ca-8244-43f1-86a9-d561e4e693b0]: IDLE {"metadata":{"emulator":{"name":"functions"},"message":"[worker-api-ad85b9ca-8244-43f1-86a9-d561e4e693b0]: IDLE"}}
[debug] [2021-03-03T09:22:02.320Z] [work-queue] {"queueLength":0,"workRunningCount":0}
[debug] [2021-03-03T09:22:02.451Z] [work-queue] {"queueLength":1,"workRunningCount":0}
[debug] [2021-03-03T09:22:02.451Z] [work-queue] {"queueLength":0,"workRunningCount":1}
[debug] [2021-03-03T09:22:02.451Z] Accepted request GET /clone-eebc3/us-central1/api --> api
[debug] [2021-03-03T09:22:02.451Z] [worker-pool] submitWork(triggerId=api) {"metadata":{"emulator":{"name":"functions"},"message":"[worker-pool] submitWork(triggerId=api)"}}
[debug] [2021-03-03T09:22:02.452Z] [worker-api-ad85b9ca-8244-43f1-86a9-d561e4e693b0]: Assigning socketPath: \\?\pipe\D:\Projects\JS\amazon-clone\functions\13688 {"metadata":{"emulator":{"name":"functions"},"message":"[worker-api-ad85b9ca-8244-43f1-86a9-d561e4e693b0]: Assigning socketPath: \\\\?\\pipe\\D:\\Projects\\JS\\amazon-clone\\functions\\13688"}}
[debug] [2021-03-03T09:22:02.452Z] [worker-api-ad85b9ca-8244-43f1-86a9-d561e4e693b0]: BUSY {"metadata":{"emulator":{"name":"functions"},"message":"[worker-api-ad85b9ca-8244-43f1-86a9-d561e4e693b0]: BUSY"}}
[debug] [2021-03-03T09:22:02.452Z] [runtime-status] [13688] Trigger "api" has been found, beginning invocation! {"metadata":{"emulator":{"name":"functions"},"function":{"name":"api"},"message":"[runtime-status] [13688] Trigger \"api\" has been found, beginning invocation!"}}
[info] i  functions: Beginning execution of "api" {"metadata":{"emulator":{"name":"functions"},"function":{"name":"api"},"message":"Beginning execution of \"api\""}}
[debug] [2021-03-03T09:22:02.453Z] [runtime-status] [13688] triggerDefinition {"httpsTrigger":{},"name":"api","entryPoint":"api"} {"metadata":{"emulator":{"name":"functions"},"function":{"name":"api"},"message":"[runtime-status] [13688] triggerDefinition {\"httpsTrigger\":{},\"name\":\"api\",\"entryPoint\":\"api\"}"}}
[debug] [2021-03-03T09:22:02.454Z] [runtime-status] [13688] Running api in mode HTTPS {"metadata":{"emulator":{"name":"functions"},"function":{"name":"api"},"message":"[runtime-status] [13688] Running api in mode HTTPS"}}
[debug] [2021-03-03T09:22:02.454Z] [runtime-status] [13688] Attempting to listen to socketPath: \\?\pipe\D:\Projects\JS\amazon-clone\functions\13688 {"metadata":{"emulator":{"name":"functions"},"function":{"name":"api"},"message":"[runtime-status] [13688] Attempting to listen to socketPath: \\\\?\\pipe\\D:\\Projects\\JS\\amazon-clone\\functions\\13688"}}
[debug] [2021-03-03T09:22:02.455Z] [functions] Runtime ready! Sending request! {"metadata":{"emulator":{"name":"functions"},"message":"[functions] Runtime ready! Sending request!"}}
[debug] [2021-03-03T09:22:02.456Z] [runtime-status] [13688] Ephemeral server handling GET request {"metadata":{"emulator":{"name":"functions"},"function":{"name":"api"},"message":"[runtime-status] [13688] Ephemeral server handling GET request"}}
[debug] [2021-03-03T09:22:02.457Z] [runtime-status] [13688] Ephemeral server survived. {"metadata":{"emulator":{"name":"functions"},"function":{"name":"api"},"message":"[runtime-status] [13688] Ephemeral server survived."}}
[info] i  functions: Finished "api" in ~1s {"metadata":{"emulator":{"name":"functions"},"function":{"name":"api"},"message":"Finished \"api\" in ~1s"}}
[debug] [2021-03-03T09:22:02.466Z] [worker-api-ad85b9ca-8244-43f1-86a9-d561e4e693b0]: IDLE {"metadata":{"emulator":{"name":"functions"},"message":"[worker-api-ad85b9ca-8244-43f1-86a9-d561e4e693b0]: IDLE"}}
[debug] [2021-03-03T09:22:02.466Z] [work-queue] {"queueLength":0,"workRunningCount":0}
[debug] [2021-03-03T09:22:02.596Z] [work-queue] {"queueLength":1,"workRunningCount":0}
[debug] [2021-03-03T09:22:02.597Z] [work-queue] {"queueLength":0,"workRunningCount":1}
[debug] [2021-03-03T09:22:02.597Z] Accepted request GET /clone-eebc3/us-central1/api --> api
[debug] [2021-03-03T09:22:02.597Z] [worker-pool] submitWork(triggerId=api) {"metadata":{"emulator":{"name":"functions"},"message":"[worker-pool] submitWork(triggerId=api)"}}
[debug] [2021-03-03T09:22:02.597Z] [worker-api-ad85b9ca-8244-43f1-86a9-d561e4e693b0]: Assigning socketPath: \\?\pipe\D:\Projects\JS\amazon-clone\functions\13688 {"metadata":{"emulator":{"name":"functions"},"message":"[worker-api-ad85b9ca-8244-43f1-86a9-d561e4e693b0]: Assigning socketPath: \\\\?\\pipe\\D:\\Projects\\JS\\amazon-clone\\functions\\13688"}}
[debug] [2021-03-03T09:22:02.597Z] [worker-api-ad85b9ca-8244-43f1-86a9-d561e4e693b0]: BUSY {"metadata":{"emulator":{"name":"functions"},"message":"[worker-api-ad85b9ca-8244-43f1-86a9-d561e4e693b0]: BUSY"}}
[debug] [2021-03-03T09:22:02.597Z] [runtime-status] [13688] Trigger "api" has been found, beginning invocation! {"metadata":{"emulator":{"name":"functions"},"function":{"name":"api"},"message":"[runtime-status] [13688] Trigger \"api\" has been found, beginning invocation!"}}
[info] i  functions: Beginning execution of "api" {"metadata":{"emulator":{"name":"functions"},"function":{"name":"api"},"message":"Beginning execution of \"api\""}}
[debug] [2021-03-03T09:22:02.598Z] [runtime-status] [13688] triggerDefinition {"httpsTrigger":{},"name":"api","entryPoint":"api"} {"metadata":{"emulator":{"name":"functions"},"function":{"name":"api"},"message":"[runtime-status] [13688] triggerDefinition {\"httpsTrigger\":{},\"name\":\"api\",\"entryPoint\":\"api\"}"}}
[debug] [2021-03-03T09:22:02.598Z] [runtime-status] [13688] Running api in mode HTTPS {"metadata":{"emulator":{"name":"functions"},"function":{"name":"api"},"message":"[runtime-status] [13688] Running api in mode HTTPS"}}
[debug] [2021-03-03T09:22:02.599Z] [runtime-status] [13688] Attempting to listen to socketPath: \\?\pipe\D:\Projects\JS\amazon-clone\functions\13688 {"metadata":{"emulator":{"name":"functions"},"function":{"name":"api"},"message":"[runtime-status] [13688] Attempting to listen to socketPath: \\\\?\\pipe\\D:\\Projects\\JS\\amazon-clone\\functions\\13688"}}
[debug] [2021-03-03T09:22:02.599Z] [functions] Runtime ready! Sending request! {"metadata":{"emulator":{"name":"functions"},"message":"[functions] Runtime ready! Sending request!"}}
[debug] [2021-03-03T09:22:02.601Z] [runtime-status] [13688] Ephemeral server handling GET request {"metadata":{"emulator":{"name":"functions"},"function":{"name":"api"},"message":"[runtime-status] [13688] Ephemeral server handling GET request"}}
[debug] [2021-03-03T09:22:02.601Z] [runtime-status] [13688] Ephemeral server survived. {"metadata":{"emulator":{"name":"functions"},"function":{"name":"api"},"message":"[runtime-status] [13688] Ephemeral server survived."}}
[info] i  functions: Finished "api" in ~1s {"metadata":{"emulator":{"name":"functions"},"function":{"name":"api"},"message":"Finished \"api\" in ~1s"}}
[debug] [2021-03-03T09:22:02.609Z] [worker-api-ad85b9ca-8244-43f1-86a9-d561e4e693b0]: IDLE {"metadata":{"emulator":{"name":"functions"},"message":"[worker-api-ad85b9ca-8244-43f1-86a9-d561e4e693b0]: IDLE"}}
[debug] [2021-03-03T09:22:02.609Z] [work-queue] {"queueLength":0,"workRunningCount":0}
[debug] [2021-03-03T09:22:02.755Z] [work-queue] {"queueLength":1,"workRunningCount":0}
[debug] [2021-03-03T09:22:02.756Z] [work-queue] {"queueLength":0,"workRunningCount":1}
[debug] [2021-03-03T09:22:02.756Z] Accepted request GET /clone-eebc3/us-central1/api --> api
[debug] [2021-03-03T09:22:02.756Z] [worker-pool] submitWork(triggerId=api) {"metadata":{"emulator":{"name":"functions"},"message":"[worker-pool] submitWork(triggerId=api)"}}
[debug] [2021-03-03T09:22:02.756Z] [worker-api-ad85b9ca-8244-43f1-86a9-d561e4e693b0]: Assigning socketPath: \\?\pipe\D:\Projects\JS\amazon-clone\functions\13688 {"metadata":{"emulator":{"name":"functions"},"message":"[worker-api-ad85b9ca-8244-43f1-86a9-d561e4e693b0]: Assigning socketPath: \\\\?\\pipe\\D:\\Projects\\JS\\amazon-clone\\functions\\13688"}}
[debug] [2021-03-03T09:22:02.756Z] [worker-api-ad85b9ca-8244-43f1-86a9-d561e4e693b0]: BUSY {"metadata":{"emulator":{"name":"functions"},"message":"[worker-api-ad85b9ca-8244-43f1-86a9-d561e4e693b0]: BUSY"}}
[debug] [2021-03-03T09:22:02.757Z] [runtime-status] [13688] Trigger "api" has been found, beginning invocation! {"metadata":{"emulator":{"name":"functions"},"function":{"name":"api"},"message":"[runtime-status] [13688] Trigger \"api\" has been found, beginning invocation!"}}
[info] i  functions: Beginning execution of "api" {"metadata":{"emulator":{"name":"functions"},"function":{"name":"api"},"message":"Beginning execution of \"api\""}}
[debug] [2021-03-03T09:22:02.758Z] [runtime-status] [13688] triggerDefinition {"httpsTrigger":{},"name":"api","entryPoint":"api"} {"metadata":{"emulator":{"name":"functions"},"function":{"name":"api"},"message":"[runtime-status] [13688] triggerDefinition {\"httpsTrigger\":{},\"name\":\"api\",\"entryPoint\":\"api\"}"}}
[debug] [2021-03-03T09:22:02.758Z] [runtime-status] [13688] Running api in mode HTTPS {"metadata":{"emulator":{"name":"functions"},"function":{"name":"api"},"message":"[runtime-status] [13688] Running api in mode HTTPS"}}
[debug] [2021-03-03T09:22:02.758Z] [runtime-status] [13688] Attempting to listen to socketPath: \\?\pipe\D:\Projects\JS\amazon-clone\functions\13688 {"metadata":{"emulator":{"name":"functions"},"function":{"name":"api"},"message":"[runtime-status] [13688] Attempting to listen to socketPath: \\\\?\\pipe\\D:\\Projects\\JS\\amazon-clone\\functions\\13688"}}
[debug] [2021-03-03T09:22:02.759Z] [functions] Runtime ready! Sending request! {"metadata":{"emulator":{"name":"functions"},"message":"[functions] Runtime ready! Sending request!"}}
[debug] [2021-03-03T09:22:02.761Z] [runtime-status] [13688] Ephemeral server handling GET request {"metadata":{"emulator":{"name":"functions"},"function":{"name":"api"},"message":"[runtime-status] [13688] Ephemeral server handling GET request"}}
[debug] [2021-03-03T09:22:02.761Z] [runtime-status] [13688] Ephemeral server survived. {"metadata":{"emulator":{"name":"functions"},"function":{"name":"api"},"message":"[runtime-status] [13688] Ephemeral server survived."}}
[info] i  functions: Finished "api" in ~1s {"metadata":{"emulator":{"name":"functions"},"function":{"name":"api"},"message":"Finished \"api\" in ~1s"}}
[debug] [2021-03-03T09:22:02.768Z] [worker-api-ad85b9ca-8244-43f1-86a9-d561e4e693b0]: IDLE {"metadata":{"emulator":{"name":"functions"},"message":"[worker-api-ad85b9ca-8244-43f1-86a9-d561e4e693b0]: IDLE"}}
[debug] [2021-03-03T09:22:02.768Z] [work-queue] {"queueLength":0,"workRunningCount":0}
[debug] [2021-03-03T09:22:02.896Z] [work-queue] {"queueLength":1,"workRunningCount":0}
[debug] [2021-03-03T09:22:02.896Z] [work-queue] {"queueLength":0,"workRunningCount":1}
[debug] [2021-03-03T09:22:02.896Z] Accepted request GET /clone-eebc3/us-central1/api --> api
[debug] [2021-03-03T09:22:02.896Z] [worker-pool] submitWork(triggerId=api) {"metadata":{"emulator":{"name":"functions"},"message":"[worker-pool] submitWork(triggerId=api)"}}
[debug] [2021-03-03T09:22:02.897Z] [worker-api-ad85b9ca-8244-43f1-86a9-d561e4e693b0]: Assigning socketPath: \\?\pipe\D:\Projects\JS\amazon-clone\functions\13688 {"metadata":{"emulator":{"name":"functions"},"message":"[worker-api-ad85b9ca-8244-43f1-86a9-d561e4e693b0]: Assigning socketPath: \\\\?\\pipe\\D:\\Projects\\JS\\amazon-clone\\functions\\13688"}}
[debug] [2021-03-03T09:22:02.897Z] [worker-api-ad85b9ca-8244-43f1-86a9-d561e4e693b0]: BUSY {"metadata":{"emulator":{"name":"functions"},"message":"[worker-api-ad85b9ca-8244-43f1-86a9-d561e4e693b0]: BUSY"}}
[debug] [2021-03-03T09:22:02.897Z] [runtime-status] [13688] Trigger "api" has been found, beginning invocation! {"metadata":{"emulator":{"name":"functions"},"function":{"name":"api"},"message":"[runtime-status] [13688] Trigger \"api\" has been found, beginning invocation!"}}
[info] i  functions: Beginning execution of "api" {"metadata":{"emulator":{"name":"functions"},"function":{"name":"api"},"message":"Beginning execution of \"api\""}}
[debug] [2021-03-03T09:22:02.898Z] [runtime-status] [13688] triggerDefinition {"httpsTrigger":{},"name":"api","entryPoint":"api"} {"metadata":{"emulator":{"name":"functions"},"function":{"name":"api"},"message":"[runtime-status] [13688] triggerDefinition {\"httpsTrigger\":{},\"name\":\"api\",\"entryPoint\":\"api\"}"}}
[debug] [2021-03-03T09:22:02.898Z] [runtime-status] [13688] Running api in mode HTTPS {"metadata":{"emulator":{"name":"functions"},"function":{"name":"api"},"message":"[runtime-status] [13688] Running api in mode HTTPS"}}
[debug] [2021-03-03T09:22:02.898Z] [runtime-status] [13688] Attempting to listen to socketPath: \\?\pipe\D:\Projects\JS\amazon-clone\functions\13688 {"metadata":{"emulator":{"name":"functions"},"function":{"name":"api"},"message":"[runtime-status] [13688] Attempting to listen to socketPath: \\\\?\\pipe\\D:\\Projects\\JS\\amazon-clone\\functions\\13688"}}
[debug] [2021-03-03T09:22:02.899Z] [functions] Runtime ready! Sending request! {"metadata":{"emulator":{"name":"functions"},"message":"[functions] Runtime ready! Sending request!"}}
[debug] [2021-03-03T09:22:02.900Z] [runtime-status] [13688] Ephemeral server handling GET request {"metadata":{"emulator":{"name":"functions"},"function":{"name":"api"},"message":"[runtime-status] [13688] Ephemeral server handling GET request"}}
[debug] [2021-03-03T09:22:02.901Z] [runtime-status] [13688] Ephemeral server survived. {"metadata":{"emulator":{"name":"functions"},"function":{"name":"api"},"message":"[runtime-status] [13688] Ephemeral server survived."}}
[info] i  functions: Finished "api" in ~1s {"metadata":{"emulator":{"name":"functions"},"function":{"name":"api"},"message":"Finished \"api\" in ~1s"}}
[debug] [2021-03-03T09:22:02.909Z] [worker-api-ad85b9ca-8244-43f1-86a9-d561e4e693b0]: IDLE {"metadata":{"emulator":{"name":"functions"},"message":"[worker-api-ad85b9ca-8244-43f1-86a9-d561e4e693b0]: IDLE"}}
[debug] [2021-03-03T09:22:02.909Z] [work-queue] {"queueLength":0,"workRunningCount":0}
[debug] [2021-03-03T09:23:20.771Z] [work-queue] {"queueLength":1,"workRunningCount":0}
[debug] [2021-03-03T09:23:20.771Z] [work-queue] {"queueLength":0,"workRunningCount":1}
[debug] [2021-03-03T09:23:20.771Z] Accepted request GET /clone-eebc3/us-central1/api --> api
[debug] [2021-03-03T09:23:20.771Z] [worker-pool] submitWork(triggerId=api) {"metadata":{"emulator":{"name":"functions"},"message":"[worker-pool] submitWork(triggerId=api)"}}
[debug] [2021-03-03T09:23:20.771Z] [worker-api-ad85b9ca-8244-43f1-86a9-d561e4e693b0]: Assigning socketPath: \\?\pipe\D:\Projects\JS\amazon-clone\functions\13688 {"metadata":{"emulator":{"name":"functions"},"message":"[worker-api-ad85b9ca-8244-43f1-86a9-d561e4e693b0]: Assigning socketPath: \\\\?\\pipe\\D:\\Projects\\JS\\amazon-clone\\functions\\13688"}}
[debug] [2021-03-03T09:23:20.771Z] [worker-api-ad85b9ca-8244-43f1-86a9-d561e4e693b0]: BUSY {"metadata":{"emulator":{"name":"functions"},"message":"[worker-api-ad85b9ca-8244-43f1-86a9-d561e4e693b0]: BUSY"}}
[debug] [2021-03-03T09:23:20.772Z] [runtime-status] [13688] Trigger "api" has been found, beginning invocation! {"metadata":{"emulator":{"name":"functions"},"function":{"name":"api"},"message":"[runtime-status] [13688] Trigger \"api\" has been found, beginning invocation!"}}
[info] i  functions: Beginning execution of "api" {"metadata":{"emulator":{"name":"functions"},"function":{"name":"api"},"message":"Beginning execution of \"api\""}}
[debug] [2021-03-03T09:23:20.772Z] [runtime-status] [13688] triggerDefinition {"httpsTrigger":{},"name":"api","entryPoint":"api"} {"metadata":{"emulator":{"name":"functions"},"function":{"name":"api"},"message":"[runtime-status] [13688] triggerDefinition {\"httpsTrigger\":{},\"name\":\"api\",\"entryPoint\":\"api\"}"}}
[debug] [2021-03-03T09:23:20.772Z] [runtime-status] [13688] Running api in mode HTTPS {"metadata":{"emulator":{"name":"functions"},"function":{"name":"api"},"message":"[runtime-status] [13688] Running api in mode HTTPS"}}
[debug] [2021-03-03T09:23:20.773Z] [runtime-status] [13688] Attempting to listen to socketPath: \\?\pipe\D:\Projects\JS\amazon-clone\functions\13688 {"metadata":{"emulator":{"name":"functions"},"function":{"name":"api"},"message":"[runtime-status] [13688] Attempting to listen to socketPath: \\\\?\\pipe\\D:\\Projects\\JS\\amazon-clone\\functions\\13688"}}
[debug] [2021-03-03T09:23:20.773Z] [functions] Runtime ready! Sending request! {"metadata":{"emulator":{"name":"functions"},"message":"[functions] Runtime ready! Sending request!"}}
[debug] [2021-03-03T09:23:20.775Z] [runtime-status] [13688] Ephemeral server handling GET request {"metadata":{"emulator":{"name":"functions"},"function":{"name":"api"},"message":"[runtime-status] [13688] Ephemeral server handling GET request"}}
[debug] [2021-03-03T09:23:20.776Z] [runtime-status] [13688] Ephemeral server survived. {"metadata":{"emulator":{"name":"functions"},"function":{"name":"api"},"message":"[runtime-status] [13688] Ephemeral server survived."}}
[info] i  functions: Finished "api" in ~1s {"metadata":{"emulator":{"name":"functions"},"function":{"name":"api"},"message":"Finished \"api\" in ~1s"}}
[debug] [2021-03-03T09:23:20.784Z] [worker-api-ad85b9ca-8244-43f1-86a9-d561e4e693b0]: IDLE {"metadata":{"emulator":{"name":"functions"},"message":"[worker-api-ad85b9ca-8244-43f1-86a9-d561e4e693b0]: IDLE"}}
[debug] [2021-03-03T09:23:20.785Z] [work-queue] {"queueLength":0,"workRunningCount":0}
[debug] [2021-03-03T09:23:31.826Z] File D:\Projects\JS\amazon-clone\functions\index.js changed, reloading triggers {"metadata":{"emulator":{"name":"functions"},"message":"File D:\\Projects\\JS\\amazon-clone\\functions\\index.js changed, reloading triggers"}}
